Traceback (most recent call last):
  File "C:\Users\biagi\anaconda3\envs\book\Lib\site-packages\jupyter_cache\executors\utils.py", line 58, in single_nb_execution
    executenb(
  File "C:\Users\biagi\anaconda3\envs\book\Lib\site-packages\nbclient\client.py", line 1305, in execute
    return NotebookClient(nb=nb, resources=resources, km=km, **kwargs).execute()
           ^^^^^^^^^^^^^^^^^^^^^^^^^^^^^^^^^^^^^^^^^^^^^^^^^^^^^^^^^^^^^^^^^^^^^
  File "C:\Users\biagi\anaconda3\envs\book\Lib\site-packages\jupyter_core\utils\__init__.py", line 165, in wrapped
    return loop.run_until_complete(inner)
           ^^^^^^^^^^^^^^^^^^^^^^^^^^^^^^
  File "C:\Users\biagi\anaconda3\envs\book\Lib\asyncio\base_events.py", line 687, in run_until_complete
    return future.result()
           ^^^^^^^^^^^^^^^
  File "C:\Users\biagi\anaconda3\envs\book\Lib\site-packages\nbclient\client.py", line 705, in async_execute
    await self.async_execute_cell(
  File "C:\Users\biagi\anaconda3\envs\book\Lib\site-packages\nbclient\client.py", line 1058, in async_execute_cell
    await self._check_raise_for_error(cell, cell_index, exec_reply)
  File "C:\Users\biagi\anaconda3\envs\book\Lib\site-packages\nbclient\client.py", line 914, in _check_raise_for_error
    raise CellExecutionError.from_cell_and_msg(cell, exec_reply_content)
nbclient.exceptions.CellExecutionError: An error occurred while executing the following cell:
------------------
import matplotlib.pyplot as plt
from mpl_toolkits.mplot3d import Axes3D

# Create a new figure for the 3D scatter plot
fig = plt.figure(figsize=(12, 10))  # Increased figure size
ax = fig.add_subplot(111, projection='3d')

# Create a scatter plot with better aesthetics
for i in range(100):
    scatter = ax.scatter(pca_images[i,0], pca_images[i,1], pca_images[i,2],
                      marker=r'${}$'.format(labels[i]), s=64, alpha=0.7)

# Add color bar to show the label mapping
# cbar = plt.colorbar(scatter, ax=ax, pad=0.1)
cbar.set_label('Labels', fontsize=12)

# Set axis labels with adjusted font size
ax.set_xlabel('Principal Component 1', fontsize=16)
ax.set_ylabel('Principal Component 2', fontsize=16)
ax.set_zlabel('Principal Component 3', fontsize=16)

# Set the title with adjusted font size
ax.set_title('3D Scatter Plot of PCA Results', fontsize=20)

# Adjust viewing angle for better visualization
ax.view_init(elev=20, azim=30)

# Show grid for better readability
ax.grid(True)

# Adjust layout to prevent text clipping
plt.tight_layout(w_pad=1.9)  # Leave space for the title

# Show the plot
plt.show()

------------------


[1;31m---------------------------------------------------------------------------[0m
[1;31mNameError[0m                                 Traceback (most recent call last)
Cell [1;32mIn[21], line 15[0m
[0;32m     10[0m     scatter [38;5;241m=[39m ax[38;5;241m.[39mscatter(pca_images[i,[38;5;241m0[39m], pca_images[i,[38;5;241m1[39m], pca_images[i,[38;5;241m2[39m],
[0;32m     11[0m                       marker[38;5;241m=[39m[38;5;124mr[39m[38;5;124m'[39m[38;5;124m$[39m[38;5;132;01m{}[39;00m[38;5;124m$[39m[38;5;124m'[39m[38;5;241m.[39mformat(labels[i]), s[38;5;241m=[39m[38;5;241m64[39m, alpha[38;5;241m=[39m[38;5;241m0.7[39m)
[0;32m     13[0m [38;5;66;03m# Add color bar to show the label mapping[39;00m
[0;32m     14[0m [38;5;66;03m# cbar = plt.colorbar(scatter, ax=ax, pad=0.1)[39;00m
[1;32m---> 15[0m cbar[38;5;241m.[39mset_label([38;5;124m'[39m[38;5;124mLabels[39m[38;5;124m'[39m, fontsize[38;5;241m=[39m[38;5;241m12[39m)
[0;32m     17[0m [38;5;66;03m# Set axis labels with adjusted font size[39;00m
[0;32m     18[0m ax[38;5;241m.[39mset_xlabel([38;5;124m'[39m[38;5;124mPrincipal Component 1[39m[38;5;124m'[39m, fontsize[38;5;241m=[39m[38;5;241m16[39m)

[1;31mNameError[0m: name 'cbar' is not defined

